Thu Jul 28 2016 13:37:10 GMT-0400 (EDT): GET /about
Thu Jul 28 2016 13:37:11 GMT-0400 (EDT): GET /favicon.ico
Thu Jul 28 2016 13:42:16 GMT-0400 (EDT): GET /about
Thu Jul 28 2016 13:42:21 GMT-0400 (EDT): GET /
Thu Jul 28 2016 13:43:41 GMT-0400 (EDT): GET /help.html
Thu Jul 28 2016 13:43:46 GMT-0400 (EDT): GET /
Thu Jul 28 2016 13:46:17 GMT-0400 (EDT): GET /
Thu Jul 28 2016 13:46:42 GMT-0400 (EDT): GET /
Thu Jul 28 2016 13:46:45 GMT-0400 (EDT): GET /about
Mon Aug 28 2017 12:28:35 GMT+0700 (SE Asia Standard Time): GET /
Mon Aug 28 2017 12:28:36 GMT+0700 (SE Asia Standard Time): GET /favicon.ico
Mon Aug 28 2017 12:28:38 GMT+0700 (SE Asia Standard Time): GET /
Mon Aug 28 2017 12:28:39 GMT+0700 (SE Asia Standard Time): GET /about
Mon Aug 28 2017 12:29:41 GMT+0700 (SE Asia Standard Time): GET /about
Mon Aug 28 2017 12:29:43 GMT+0700 (SE Asia Standard Time): GET /
Mon Aug 28 2017 12:33:55 GMT+0700 (SE Asia Standard Time): GET /
Mon Aug 28 2017 12:33:59 GMT+0700 (SE Asia Standard Time): GET /about
Mon Aug 28 2017 12:34:04 GMT+0700 (SE Asia Standard Time): GET /
Mon Aug 28 2017 12:34:38 GMT+0700 (SE Asia Standard Time): GET /about
Tue Aug 29 2017 02:28:51 GMT+0700 (SE Asia Standard Time): GET /
Tue Aug 29 2017 02:28:52 GMT+0700 (SE Asia Standard Time): GET /favicon.ico
Tue Aug 29 2017 02:35:53 GMT+0700 (SE Asia Standard Time): GET /
Tue Aug 29 2017 07:04:57 GMT+0700 (SE Asia Standard Time): GET /
Tue Aug 29 2017 07:04:57 GMT+0700 (SE Asia Standard Time): GET /favicon.ico
Tue Aug 29 2017 07:04:59 GMT+0700 (SE Asia Standard Time): GET /about
Tue Aug 29 2017 07:05:07 GMT+0700 (SE Asia Standard Time): GET /projects
